"../../../Engine/Content/Functions/Engine_MaterialFunctions01/Shading/PowerToRoughness.uasset" 0
"../../../Engine/Content/Functions/Engine_MaterialFunctions01/Shading/PowerToRoughness.uexp" 1
"../../../Engine/Content/Functions/Engine_MaterialFunctions01/Shading/ConvertFromDiffSpec.uasset" 2
"../../../Engine/Content/Functions/Engine_MaterialFunctions01/Shading/ConvertFromDiffSpec.uexp" 3
"../../../Engine/Content/EngineSounds/Master.uasset" 4
"../../../Engine/Content/EngineSounds/Master.uexp" 5
"../../../Engine/Content/EngineSky/VolumetricClouds/CloudWeatherTexture.uasset" 6
"../../../Engine/Content/EngineSky/VolumetricClouds/CloudWeatherTexture.uexp" 7
"../../../Engine/Content/Functions/Engine_MaterialFunctions02/Utility/MakeFloat2.uasset" 8
"../../../Engine/Content/Functions/Engine_MaterialFunctions02/Utility/MakeFloat2.uexp" 9
"../../../Engine/Content/EngineSky/VolumetricClouds/CloudGradientTexture.uasset" 10
"../../../Engine/Content/EngineSky/VolumetricClouds/CloudGradientTexture.uexp" 11
"../../../Engine/Content/EngineSky/VolumetricClouds/T_NoiseShape64.ubulk" 12
"../../../Engine/Content/EngineSky/VolumetricClouds/T_NoiseShape64.uasset" 13
"../../../Engine/Content/EngineSky/VolumetricClouds/T_NoiseShape64.uexp" 14
"../../../Engine/Content/EngineSky/VolumetricClouds/T_VolumeNoiseShape64.uasset" 15
"../../../Engine/Content/EngineSky/VolumetricClouds/T_VolumeNoiseShape64.uexp" 16
"../../../Engine/Content/EngineSky/VolumetricClouds/T_NoiseErosion.ubulk" 17
"../../../Engine/Content/EngineSky/VolumetricClouds/T_NoiseErosion.uasset" 18
"../../../Engine/Content/EngineSky/VolumetricClouds/T_NoiseErosion.uexp" 19
"../../../Engine/Content/EngineSky/VolumetricClouds/T_VolumeNoiseErosion32.uasset" 20
"../../../Engine/Content/EngineSky/VolumetricClouds/T_VolumeNoiseErosion32.uexp" 21
"../../../Engine/Content/EngineSky/VolumetricClouds/m_SimpleVolumetricCloud.uasset" 22
"../../../Engine/Content/EngineSky/VolumetricClouds/m_SimpleVolumetricCloud.uexp" 23
"../../../Engine/Content/EngineSky/VolumetricClouds/m_SimpleVolumetricCloud_Inst.uasset" 24
"../../../Engine/Content/EngineSky/VolumetricClouds/m_SimpleVolumetricCloud_Inst.uexp" 25
"../../../Engine/Content/EngineResources/GradientTexture0.uasset" 26
"../../../Engine/Content/EngineResources/GradientTexture0.uexp" 27
"../../../Engine/Content/EngineResources/DefaultVolumeTexture2D.uasset" 28
"../../../Engine/Content/EngineResources/DefaultVolumeTexture2D.uexp" 29
"../../../Engine/Content/EngineResources/DefaultVolumeTexture.uasset" 30
"../../../Engine/Content/EngineResources/DefaultVolumeTexture.uexp" 31
"../../../Engine/Content/EngineResources/DefaultTextureCube.uasset" 32
"../../../Engine/Content/EngineResources/DefaultTextureCube.uexp" 33
"../../../Engine/Content/EngineResources/DefaultTexture.ubulk" 34
"../../../Engine/Content/EngineResources/DefaultTexture.uasset" 35
"../../../Engine/Content/EngineResources/DefaultTexture.uexp" 36
"../../../Engine/Content/EngineResources/Black.uasset" 37
"../../../Engine/Content/EngineResources/Black.uexp" 38
"../../../Engine/Content/EngineResources/FilmGrains/Marcie_Grain_v3_128_M2_000.uasset" 39
"../../../Engine/Content/EngineResources/FilmGrains/Marcie_Grain_v3_128_M2_000.uexp" 40
"../../../Engine/Content/EngineMeshes/Sphere.ubulk" 41
"../../../Engine/Content/EngineMeshes/Sphere.uasset" 42
"../../../Engine/Content/EngineMeshes/Sphere.uexp" 43
"../../../Engine/Content/EngineResources/WhiteSquareTexture.uasset" 44
"../../../Engine/Content/EngineResources/WhiteSquareTexture.uexp" 45
"../../../Engine/Content/EngineMaterials/Widget3DPassThrough.uasset" 46
"../../../Engine/Content/EngineMaterials/Widget3DPassThrough.uexp" 47
"../../../Engine/Content/EngineMaterials/Widget3DPassThrough_Translucent.uasset" 48
"../../../Engine/Content/EngineMaterials/Widget3DPassThrough_Translucent.uexp" 49
"../../../Engine/Content/EngineMaterials/Widget3DPassThrough_Translucent_OneSided.uasset" 50
"../../../Engine/Content/EngineMaterials/Widget3DPassThrough_Translucent_OneSided.uexp" 51
"../../../Engine/Content/EngineMaterials/Widget3DPassThrough_Opaque.uasset" 52
"../../../Engine/Content/EngineMaterials/Widget3DPassThrough_Opaque.uexp" 53
"../../../Engine/Content/EngineMaterials/Widget3DPassThrough_Opaque_OneSided.uasset" 54
"../../../Engine/Content/EngineMaterials/Widget3DPassThrough_Opaque_OneSided.uexp" 55
"../../../Engine/Content/EngineMaterials/Widget3DPassThrough_Masked_OneSided.uasset" 56
"../../../Engine/Content/EngineMaterials/Widget3DPassThrough_Masked_OneSided.uexp" 57
"../../../Engine/Content/EngineMaterials/Widget3DPassThrough_Masked.uasset" 58
"../../../Engine/Content/EngineMaterials/Widget3DPassThrough_Masked.uexp" 59
"../../../Engine/Content/EngineMaterials/WeightMapPlaceholderTexture.uasset" 60
"../../../Engine/Content/EngineMaterials/WeightMapPlaceholderTexture.uexp" 61
"../../../Engine/Content/EngineMaterials/RemoveSurfaceMaterial.uasset" 62
"../../../Engine/Content/EngineMaterials/RemoveSurfaceMaterial.uexp" 63
"../../../Engine/Content/EngineMaterials/PreintegratedSkinBRDF.uasset" 64
"../../../Engine/Content/EngineMaterials/PreintegratedSkinBRDF.uexp" 65
"../../../Engine/Content/EngineMaterials/DefaultCalibrationGrayscale.uasset" 66
"../../../Engine/Content/EngineMaterials/DefaultCalibrationGrayscale.uexp" 67
"../../../Engine/Content/EngineMaterials/PPM_DefaultCalibrationGrayscale.uasset" 68
"../../../Engine/Content/EngineMaterials/PPM_DefaultCalibrationGrayscale.uexp" 69
"../../../Engine/Content/EngineMaterials/DefaultCalibrationColor.uasset" 70
"../../../Engine/Content/EngineMaterials/DefaultCalibrationColor.uexp" 71
"../../../Engine/Content/EngineMaterials/PPM_DefaultCalibrationColor.uasset" 72
"../../../Engine/Content/EngineMaterials/PPM_DefaultCalibrationColor.uexp" 73
"../../../Engine/Content/Functions/Engine_MaterialFunctions02/WorldPositionOffset/CameraOffset.uasset" 74
"../../../Engine/Content/Functions/Engine_MaterialFunctions02/WorldPositionOffset/CameraOffset.uexp" 75
"../../../Engine/Content/EngineMaterials/PhAT_JointLimitMaterial.uasset" 76
"../../../Engine/Content/EngineMaterials/PhAT_JointLimitMaterial.uexp" 77
"../../../Engine/Content/EngineMaterials/InvalidLightmapSettings.ubulk" 78
"../../../Engine/Content/EngineMaterials/InvalidLightmapSettings.uasset" 79
"../../../Engine/Content/EngineMaterials/InvalidLightmapSettings.uexp" 80
"../../../Engine/Content/EngineMaterials/M_InvalidLightmapSettings.uasset" 81
"../../../Engine/Content/EngineMaterials/M_InvalidLightmapSettings.uexp" 82
"../../../Engine/Content/EngineMaterials/MiniFont.uasset" 83
"../../../Engine/Content/EngineMaterials/MiniFont.uexp" 84
"../../../Engine/Content/EngineMaterials/Good64x64TilingNoiseHighFreq.uasset" 85
"../../../Engine/Content/EngineMaterials/Good64x64TilingNoiseHighFreq.uexp" 86
"../../../Engine/Content/EngineMaterials/GizmoMaterial.uasset" 87
"../../../Engine/Content/EngineMaterials/GizmoMaterial.uexp" 88
"../../../Engine/Content/EngineMaterials/BaseFlattenEmissiveMap_VT.ubulk" 89
"../../../Engine/Content/EngineMaterials/BaseFlattenEmissiveMap_VT.uasset" 90
"../../../Engine/Content/EngineMaterials/BaseFlattenEmissiveMap_VT.uexp" 91
"../../../Engine/Content/EngineMaterials/BaseFlattenGrayscaleMap_VT.ubulk" 92
"../../../Engine/Content/EngineMaterials/BaseFlattenGrayscaleMap_VT.uasset" 93
"../../../Engine/Content/EngineMaterials/BaseFlattenGrayscaleMap_VT.uexp" 94
"../../../Engine/Content/EngineMaterials/BaseFlattenLinearColor_VT.ubulk" 95
"../../../Engine/Content/EngineMaterials/BaseFlattenLinearColor_VT.uasset" 96
"../../../Engine/Content/EngineMaterials/BaseFlattenLinearColor_VT.uexp" 97
"../../../Engine/Content/EngineMaterials/Black_1x1_EXR_Texture_VT.ubulk" 98
"../../../Engine/Content/EngineMaterials/Black_1x1_EXR_Texture_VT.uasset" 99
"../../../Engine/Content/EngineMaterials/Black_1x1_EXR_Texture_VT.uexp" 100
"../../../Engine/Content/EngineMaterials/BaseFlattenDiffuseMap_VT.ubulk" 101
"../../../Engine/Content/EngineMaterials/BaseFlattenDiffuseMap_VT.uasset" 102
"../../../Engine/Content/EngineMaterials/BaseFlattenDiffuseMap_VT.uexp" 103
"../../../Engine/Content/EngineMaterials/BaseFlattenNormalMap_VT.ubulk" 104
"../../../Engine/Content/EngineMaterials/BaseFlattenNormalMap_VT.uasset" 105
"../../../Engine/Content/EngineMaterials/BaseFlattenNormalMap_VT.uexp" 106
"../../../Engine/Content/EngineMaterials/FlattenMaterial_WS_Normal_VT.uasset" 107
"../../../Engine/Content/EngineMaterials/FlattenMaterial_WS_Normal_VT.uexp" 108
"../../../Engine/Content/EngineMaterials/FlattenMaterial_VT.uasset" 109
"../../../Engine/Content/EngineMaterials/FlattenMaterial_VT.uexp" 110
"../../../Engine/Content/EngineMaterials/BaseFlattenNormalMap.uasset" 111
"../../../Engine/Content/EngineMaterials/BaseFlattenNormalMap.uexp" 112
"../../../Engine/Content/EngineMaterials/BaseFlattenGrayscaleMap.uasset" 113
"../../../Engine/Content/EngineMaterials/BaseFlattenGrayscaleMap.uexp" 114
"../../../Engine/Content/EngineMaterials/BaseFlattenDiffuseMap.uasset" 115
"../../../Engine/Content/EngineMaterials/BaseFlattenDiffuseMap.uexp" 116
"../../../Engine/Content/Functions/Engine_MaterialFunctions02/PivotPainter2/Black_1x1_EXR_Texture.uasset" 117
"../../../Engine/Content/Functions/Engine_MaterialFunctions02/PivotPainter2/Black_1x1_EXR_Texture.uexp" 118
"../../../Engine/Content/EngineMaterials/BaseFlattenEmissiveMap.uasset" 119
"../../../Engine/Content/EngineMaterials/BaseFlattenEmissiveMap.uexp" 120
"../../../Engine/Content/EngineMaterials/BaseFlattenLinearColor.uasset" 121
"../../../Engine/Content/EngineMaterials/BaseFlattenLinearColor.uexp" 122
"../../../Engine/Content/EngineMaterials/FlattenMaterial.uasset" 123
"../../../Engine/Content/EngineMaterials/FlattenMaterial.uexp" 124
"../../../Engine/Content/EngineMaterials/DefaultWhiteGrid_Low.uasset" 125
"../../../Engine/Content/EngineMaterials/DefaultWhiteGrid_Low.uexp" 126
"../../../Engine/Content/EngineMaterials/EmissiveMeshMaterial.uasset" 127
"../../../Engine/Content/EngineMaterials/EmissiveMeshMaterial.uexp" 128
"../../../Engine/Content/EngineMaterials/DefaultWhiteGrid.ubulk" 129
"../../../Engine/Content/EngineMaterials/DefaultWhiteGrid.uasset" 130
"../../../Engine/Content/EngineMaterials/DefaultWhiteGrid.uexp" 131
"../../../Engine/Content/EngineFonts/RobotoDistanceField.uasset" 132
"../../../Engine/Content/EngineFonts/RobotoDistanceField.uexp" 133
"../../../Engine/Content/EngineMaterials/DefaultTextMaterialOpaque.uasset" 134
"../../../Engine/Content/EngineMaterials/DefaultTextMaterialOpaque.uexp" 135
"../../../Engine/Content/EngineMaterials/DefaultDiffuse.ubulk" 136
"../../../Engine/Content/EngineMaterials/DefaultDiffuse.uasset" 137
"../../../Engine/Content/EngineMaterials/DefaultDiffuse.uexp" 138
"../../../Engine/Content/Functions/Engine_MaterialFunctions02/Utility/BreakOutFloat2Components.uasset" 139
"../../../Engine/Content/Functions/Engine_MaterialFunctions02/Utility/BreakOutFloat2Components.uexp" 140
"../../../Engine/Content/EngineMaterials/DefaultPostProcessMaterial.uasset" 141
"../../../Engine/Content/EngineMaterials/DefaultPostProcessMaterial.uexp" 142
"../../../Engine/Content/EngineMaterials/DefaultPhysicalMaterial.uasset" 143
"../../../Engine/Content/EngineMaterials/DefaultPhysicalMaterial.uexp" 144
"../../../Engine/Content/EngineMaterials/DefaultLightFunctionMaterial.uasset" 145
"../../../Engine/Content/EngineMaterials/DefaultLightFunctionMaterial.uexp" 146
"../../../Engine/Content/EngineMaterials/DefaultDestructiblePhysicalMaterial.uasset" 147
"../../../Engine/Content/EngineMaterials/DefaultDestructiblePhysicalMaterial.uexp" 148
"../../../Engine/Content/EngineMaterials/DefaultDeferredDecalMaterial.uasset" 149
"../../../Engine/Content/EngineMaterials/DefaultDeferredDecalMaterial.uexp" 150
"../../../Engine/Content/EngineMaterials/DefaultBokeh.uasset" 151
"../../../Engine/Content/EngineMaterials/DefaultBokeh.uexp" 152
"../../../Engine/Content/EngineMaterials/DefaultBloomKernel.uasset" 153
"../../../Engine/Content/EngineMaterials/DefaultBloomKernel.uexp" 154
"../../../Engine/Content/EngineMaterials/BlueNoise.uasset" 155
"../../../Engine/Content/EngineMaterials/BlueNoise.uexp" 156
"../../../Engine/Content/EngineFonts/Faces/RobotoLight.uexp" 157
"../../../Engine/Content/EngineFonts/Faces/RobotoLight.uasset" 158
"../../../Engine/Content/EngineFonts/Faces/RobotoLight.ufont" 159
"../../../Engine/Content/EngineFonts/Faces/RobotoBold.uexp" 160
"../../../Engine/Content/EngineFonts/Faces/RobotoBold.uasset" 161
"../../../Engine/Content/EngineFonts/Faces/RobotoBold.ufont" 162
"../../../Engine/Content/EngineFonts/Faces/RobotoRegular.uexp" 163
"../../../Engine/Content/EngineFonts/Faces/RobotoRegular.uasset" 164
"../../../Engine/Content/EngineFonts/Faces/RobotoRegular.ufont" 165
"../../../Engine/Content/EngineFonts/Faces/DroidSansFallback.uexp" 166
"../../../Engine/Content/EngineFonts/Faces/DroidSansFallback.uasset" 167
"../../../Engine/Content/EngineFonts/Faces/DroidSansFallback.ufont" 168
"../../../Engine/Content/EngineFonts/Faces/RobotoItalic.uexp" 169
"../../../Engine/Content/EngineFonts/Faces/RobotoItalic.uasset" 170
"../../../Engine/Content/EngineFonts/Faces/RobotoItalic.ufont" 171
"../../../Engine/Content/EngineFonts/Faces/RobotoBoldItalic.uexp" 172
"../../../Engine/Content/EngineFonts/Faces/RobotoBoldItalic.uasset" 173
"../../../Engine/Content/EngineFonts/Faces/RobotoBoldItalic.ufont" 174
"../../../Engine/Content/EngineFonts/Roboto.uasset" 175
"../../../Engine/Content/EngineFonts/Roboto.uexp" 176
"../../../Engine/Content/Functions/Engine_MaterialFunctions02/Utility/CameraDirectionVector.uasset" 177
"../../../Engine/Content/Functions/Engine_MaterialFunctions02/Utility/CameraDirectionVector.uexp" 178
"../../../Engine/Content/EngineDebugMaterials/VolumeToRender.uasset" 179
"../../../Engine/Content/EngineDebugMaterials/VolumeToRender.uexp" 180
"../../../Engine/Content/EngineDebugMaterials/M_VolumeRenderSphereTracePP.uasset" 181
"../../../Engine/Content/EngineDebugMaterials/M_VolumeRenderSphereTracePP.uexp" 182
"../../../Engine/Content/EngineDebugMaterials/M_SimpleUnlitTranslucent.uasset" 183
"../../../Engine/Content/EngineDebugMaterials/M_SimpleUnlitTranslucent.uexp" 184
"../../../Engine/Content/EngineDebugMaterials/DebugMeshMaterial.uasset" 185
"../../../Engine/Content/EngineDebugMaterials/DebugMeshMaterial.uexp" 186
"../../../Engine/Content/EngineDebugMaterials/DebugEditorMaterial.uasset" 187
"../../../Engine/Content/EngineDebugMaterials/DebugEditorMaterial.uexp" 188
"../../../Engine/Content/EngineDamageTypes/DmgTypeBP_Environmental.uasset" 189
"../../../Engine/Content/EngineDamageTypes/DmgTypeBP_Environmental.uexp" 190
"../../../Engine/Content/Functions/Engine_MaterialFunctions02/Utility/MakeFloat4.uasset" 191
"../../../Engine/Content/Functions/Engine_MaterialFunctions02/Utility/MakeFloat4.uexp" 192
"../../../Engine/Content/Functions/Engine_MaterialFunctions02/Utility/MakeFloat3.uasset" 193
"../../../Engine/Content/Functions/Engine_MaterialFunctions02/Utility/MakeFloat3.uexp" 194
"../../../Engine/Content/Functions/Engine_MaterialFunctions02/Utility/BreakOutFloat3Components.uasset" 195
"../../../Engine/Content/Functions/Engine_MaterialFunctions02/Utility/BreakOutFloat3Components.uexp" 196
"../../../Engine/Content/EngineMaterials/T_Default_Material_Grid_M.ubulk" 197
"../../../Engine/Content/EngineMaterials/T_Default_Material_Grid_M.uasset" 198
"../../../Engine/Content/EngineMaterials/T_Default_Material_Grid_M.uexp" 199
"../../../Engine/Content/EngineMaterials/T_Default_Material_Grid_N.ubulk" 200
"../../../Engine/Content/EngineMaterials/T_Default_Material_Grid_N.uasset" 201
"../../../Engine/Content/EngineMaterials/T_Default_Material_Grid_N.uexp" 202
"../../../Engine/Content/Functions/Engine_MaterialFunctions01/Opacity/CameraDepthFade.uasset" 203
"../../../Engine/Content/Functions/Engine_MaterialFunctions01/Opacity/CameraDepthFade.uexp" 204
"../../../Engine/Content/EngineMaterials/DefaultMaterial.uasset" 205
"../../../Engine/Content/EngineMaterials/DefaultMaterial.uexp" 206
"../../../Engine/Content/BasicShapes/Sphere.ubulk" 207
"../../../Engine/Content/BasicShapes/Sphere.uasset" 208
"../../../Engine/Content/BasicShapes/Sphere.uexp" 209
"../../../Engine/Content/EngineMaterials/WorldGridMaterial.uasset" 210
"../../../Engine/Content/EngineMaterials/WorldGridMaterial.uexp" 211
"../../../Engine/Content/BasicShapes/Plane.ubulk" 212
"../../../Engine/Content/BasicShapes/Plane.uasset" 213
"../../../Engine/Content/BasicShapes/Plane.uexp" 214
"../../../Engine/Content/BasicShapes/Cylinder.ubulk" 215
"../../../Engine/Content/BasicShapes/Cylinder.uasset" 216
"../../../Engine/Content/BasicShapes/Cylinder.uexp" 217
"../../../Engine/Content/BasicShapes/Cube.ubulk" 218
"../../../Engine/Content/BasicShapes/Cube.uasset" 219
"../../../Engine/Content/BasicShapes/Cube.uexp" 220
"../../../Engine/Content/BasicShapes/Cone.ubulk" 221
"../../../Engine/Content/BasicShapes/Cone.uasset" 222
"../../../Engine/Content/BasicShapes/Cone.uexp" 223
"../../../Engine/Content/ArtTools/RenderToTexture/Meshes/S_1_Unit_Plane.ubulk" 224
"../../../Engine/Content/ArtTools/RenderToTexture/Meshes/S_1_Unit_Plane.uasset" 225
"../../../Engine/Content/ArtTools/RenderToTexture/Meshes/S_1_Unit_Plane.uexp" 226
"D:/Unreal Engine/Projects/MultiplayerProject/Content/Materials/Emissive/M_LightEmissive.uasset" 227
"D:/Unreal Engine/Projects/MultiplayerProject/Content/Materials/Emissive/M_LightEmissive.uexp" 228
"D:/Unreal Engine/Projects/MultiplayerProject/Content/Materials/Emissive/MI_BlueLightEmissive.uasset" 229
"D:/Unreal Engine/Projects/MultiplayerProject/Content/Materials/Emissive/MI_BlueLightEmissive.uexp" 230
"D:/Unreal Engine/Projects/MultiplayerProject/Content/Maps/_GENERATED/mgiri/CubeGridToolOutput_2F426EA0.ubulk" 231
"D:/Unreal Engine/Projects/MultiplayerProject/Content/Maps/_GENERATED/mgiri/CubeGridToolOutput_2F426EA0.uasset" 232
"D:/Unreal Engine/Projects/MultiplayerProject/Content/Maps/_GENERATED/mgiri/CubeGridToolOutput_2F426EA0.uexp" 233
"D:/Unreal Engine/Projects/MultiplayerProject/Content/LevelPrototyping/Textures/T_GridChecker_A.ubulk" 234
"D:/Unreal Engine/Projects/MultiplayerProject/Content/LevelPrototyping/Textures/T_GridChecker_A.uasset" 235
"D:/Unreal Engine/Projects/MultiplayerProject/Content/LevelPrototyping/Textures/T_GridChecker_A.uexp" 236
"../../../Engine/Content/Functions/Engine_MaterialFunctions01/Gradient/LinearGradient.uasset" 237
"../../../Engine/Content/Functions/Engine_MaterialFunctions01/Gradient/LinearGradient.uexp" 238
"../../../Engine/Content/Functions/Engine_MaterialFunctions01/ImageAdjustment/CheapContrast.uasset" 239
"../../../Engine/Content/Functions/Engine_MaterialFunctions01/ImageAdjustment/CheapContrast.uexp" 240
"D:/Unreal Engine/Projects/MultiplayerProject/Content/LevelPrototyping/Materials/MF_ProcGrid.uasset" 241
"D:/Unreal Engine/Projects/MultiplayerProject/Content/LevelPrototyping/Materials/MF_ProcGrid.uexp" 242
"D:/Unreal Engine/Projects/MultiplayerProject/Content/LevelPrototyping/Materials/M_PrototypeGrid.uasset" 243
"D:/Unreal Engine/Projects/MultiplayerProject/Content/LevelPrototyping/Materials/M_PrototypeGrid.uexp" 244
"D:/Unreal Engine/Projects/MultiplayerProject/Content/LevelPrototyping/Materials/MI_PrototypeGrid_Gray.uasset" 245
"D:/Unreal Engine/Projects/MultiplayerProject/Content/LevelPrototyping/Materials/MI_PrototypeGrid_Gray.uexp" 246
"D:/Unreal Engine/Projects/MultiplayerProject/Content/LevelPrototyping/Meshes/SM_Ramp.ubulk" 247
"D:/Unreal Engine/Projects/MultiplayerProject/Content/LevelPrototyping/Meshes/SM_Ramp.uasset" 248
"D:/Unreal Engine/Projects/MultiplayerProject/Content/LevelPrototyping/Meshes/SM_Ramp.uexp" 249
"D:/Unreal Engine/Projects/MultiplayerProject/Content/LevelPrototyping/Meshes/SM_QuarterCylinder.ubulk" 250
"D:/Unreal Engine/Projects/MultiplayerProject/Content/LevelPrototyping/Meshes/SM_QuarterCylinder.uasset" 251
"D:/Unreal Engine/Projects/MultiplayerProject/Content/LevelPrototyping/Meshes/SM_QuarterCylinder.uexp" 252
"D:/Unreal Engine/Projects/MultiplayerProject/Content/LevelPrototyping/Meshes/SM_Cube.ubulk" 253
"D:/Unreal Engine/Projects/MultiplayerProject/Content/LevelPrototyping/Meshes/SM_Cube.uasset" 254
"D:/Unreal Engine/Projects/MultiplayerProject/Content/LevelPrototyping/Meshes/SM_Cube.uexp" 255
"D:/Unreal Engine/Projects/MultiplayerProject/Content/LevelPrototyping/Materials/M_Solid.uasset" 256
"D:/Unreal Engine/Projects/MultiplayerProject/Content/LevelPrototyping/Materials/M_Solid.uexp" 257
"D:/Unreal Engine/Projects/MultiplayerProject/Content/LevelPrototyping/Materials/MI_Solid_Blue.uasset" 258
"D:/Unreal Engine/Projects/MultiplayerProject/Content/LevelPrototyping/Materials/MI_Solid_Blue.uexp" 259
"D:/Unreal Engine/Projects/MultiplayerProject/Content/LevelPrototyping/Meshes/SM_ChamferCube.ubulk" 260
"D:/Unreal Engine/Projects/MultiplayerProject/Content/LevelPrototyping/Meshes/SM_ChamferCube.uasset" 261
"D:/Unreal Engine/Projects/MultiplayerProject/Content/LevelPrototyping/Meshes/SM_ChamferCube.uexp" 262
"D:/Unreal Engine/Projects/MultiplayerProject/Content/LevelPrototyping/Materials/MI_PrototypeGrid_TopDark.uasset" 263
"D:/Unreal Engine/Projects/MultiplayerProject/Content/LevelPrototyping/Materials/MI_PrototypeGrid_TopDark.uexp" 264
"D:/Unreal Engine/Projects/MultiplayerProject/Content/LevelPrototyping/Materials/MI_PrototypeGrid_Dark.uasset" 265
"D:/Unreal Engine/Projects/MultiplayerProject/Content/LevelPrototyping/Materials/MI_PrototypeGrid_Dark.uexp" 266
"../../../Engine/Content/MobileResources/HUD/VirtualJoystick_Background.uasset" 267
"../../../Engine/Content/MobileResources/HUD/VirtualJoystick_Background.uexp" 268
"../../../Engine/Content/MobileResources/HUD/VirtualJoystick_Thumb.uasset" 269
"../../../Engine/Content/MobileResources/HUD/VirtualJoystick_Thumb.uexp" 270
"../../../Engine/Content/MobileResources/HUD/DefaultVirtualJoysticks.uasset" 271
"../../../Engine/Content/MobileResources/HUD/DefaultVirtualJoysticks.uexp" 272
"../../../Engine/Content/Tutorial/ContentIntroCurve.uasset" 273
"../../../Engine/Content/Tutorial/ContentIntroCurve.uexp" 274
"../../../Engine/Plugins/2D/Paper2D/Content/PlaceholderTextures/DummySpriteTexture.ubulk" 275
"../../../Engine/Plugins/2D/Paper2D/Content/PlaceholderTextures/DummySpriteTexture.uasset" 276
"../../../Engine/Plugins/2D/Paper2D/Content/PlaceholderTextures/DummySpriteTexture.uexp" 277
"../../../Engine/Plugins/2D/Paper2D/Content/DefaultSpriteMaterial.uasset" 278
"../../../Engine/Plugins/2D/Paper2D/Content/DefaultSpriteMaterial.uexp" 279
"../../../Engine/Plugins/2D/Paper2D/Content/OpaqueUnlitSpriteMaterial.uasset" 280
"../../../Engine/Plugins/2D/Paper2D/Content/OpaqueUnlitSpriteMaterial.uexp" 281
"../../../Engine/Plugins/2D/Paper2D/Content/MaskedUnlitSpriteMaterial.uasset" 282
"../../../Engine/Plugins/2D/Paper2D/Content/MaskedUnlitSpriteMaterial.uexp" 283
"../../../Engine/Plugins/2D/Paper2D/Content/DummySprite.uasset" 284
"../../../Engine/Plugins/2D/Paper2D/Content/DummySprite.uexp" 285
"../../../Engine/Plugins/2D/Paper2D/Content/DefaultPaperTerrainMaterial.uasset" 286
"../../../Engine/Plugins/2D/Paper2D/Content/DefaultPaperTerrainMaterial.uexp" 287
"../../../Engine/Plugins/Animation/ControlRig/Content/M_Manip.uasset" 288
"../../../Engine/Plugins/Animation/ControlRig/Content/M_Manip.uexp" 289
"../../../Engine/Plugins/Animation/ControlRig/Content/Controls/DefaultGizmoLibraryNormalized.uasset" 290
"../../../Engine/Plugins/Animation/ControlRig/Content/Controls/DefaultGizmoLibraryNormalized.uexp" 291
"../../../Engine/Plugins/Animation/ControlRig/Content/Controls/ControlRig_Wedge_solid.ubulk" 292
"../../../Engine/Plugins/Animation/ControlRig/Content/Controls/ControlRig_Wedge_solid.uasset" 293
"../../../Engine/Plugins/Animation/ControlRig/Content/Controls/ControlRig_Wedge_solid.uexp" 294
"../../../Engine/Plugins/Animation/ControlRig/Content/Controls/ControlRig_Wedge_3mm.ubulk" 295
"../../../Engine/Plugins/Animation/ControlRig/Content/Controls/ControlRig_Wedge_3mm.uasset" 296
"../../../Engine/Plugins/Animation/ControlRig/Content/Controls/ControlRig_Wedge_3mm.uexp" 297
"../../../Engine/Plugins/Animation/ControlRig/Content/Controls/ControlRig_Wedge_1mm.ubulk" 298
"../../../Engine/Plugins/Animation/ControlRig/Content/Controls/ControlRig_Wedge_1mm.uasset" 299
"../../../Engine/Plugins/Animation/ControlRig/Content/Controls/ControlRig_Wedge_1mm.uexp" 300
"../../../Engine/Plugins/Animation/ControlRig/Content/Controls/ControlRig_Triangle_solid.ubulk" 301
"../../../Engine/Plugins/Animation/ControlRig/Content/Controls/ControlRig_Triangle_solid.uasset" 302
"../../../Engine/Plugins/Animation/ControlRig/Content/Controls/ControlRig_Triangle_solid.uexp" 303
"../../../Engine/Plugins/Animation/ControlRig/Content/Controls/ControlRig_Triangle_3mm.ubulk" 304
"../../../Engine/Plugins/Animation/ControlRig/Content/Controls/ControlRig_Triangle_3mm.uasset" 305
"../../../Engine/Plugins/Animation/ControlRig/Content/Controls/ControlRig_Triangle_3mm.uexp" 306
"../../../Engine/Plugins/Animation/ControlRig/Content/Controls/ControlRig_Triangle_1mm.ubulk" 307
"../../../Engine/Plugins/Animation/ControlRig/Content/Controls/ControlRig_Triangle_1mm.uasset" 308
"../../../Engine/Plugins/Animation/ControlRig/Content/Controls/ControlRig_Triangle_1mm.uexp" 309
"../../../Engine/Plugins/Animation/ControlRig/Content/Controls/ControlRig_Star4_solid.ubulk" 310
"../../../Engine/Plugins/Animation/ControlRig/Content/Controls/ControlRig_Star4_solid.uasset" 311
"../../../Engine/Plugins/Animation/ControlRig/Content/Controls/ControlRig_Star4_solid.uexp" 312
"../../../Engine/Plugins/Animation/ControlRig/Content/Controls/ControlRig_Star4_3mm.ubulk" 313
"../../../Engine/Plugins/Animation/ControlRig/Content/Controls/ControlRig_Star4_3mm.uasset" 314
"../../../Engine/Plugins/Animation/ControlRig/Content/Controls/ControlRig_Star4_3mm.uexp" 315
"../../../Engine/Plugins/Animation/ControlRig/Content/Controls/ControlRig_Star4_1mm.ubulk" 316
"../../../Engine/Plugins/Animation/ControlRig/Content/Controls/ControlRig_Star4_1mm.uasset" 317
"../../../Engine/Plugins/Animation/ControlRig/Content/Controls/ControlRig_Star4_1mm.uexp" 318
"../../../Engine/Plugins/Animation/ControlRig/Content/Controls/ControlRig_Square_solid.ubulk" 319
"../../../Engine/Plugins/Animation/ControlRig/Content/Controls/ControlRig_Square_solid.uasset" 320
"../../../Engine/Plugins/Animation/ControlRig/Content/Controls/ControlRig_Square_solid.uexp" 321
"../../../Engine/Plugins/Animation/ControlRig/Content/Controls/ControlRig_Square_3mm.ubulk" 322
"../../../Engine/Plugins/Animation/ControlRig/Content/Controls/ControlRig_Square_3mm.uasset" 323
"../../../Engine/Plugins/Animation/ControlRig/Content/Controls/ControlRig_Square_3mm.uexp" 324
"../../../Engine/Plugins/Animation/ControlRig/Content/Controls/ControlRig_Square_1mm.ubulk" 325
"../../../Engine/Plugins/Animation/ControlRig/Content/Controls/ControlRig_Square_1mm.uasset" 326
"../../../Engine/Plugins/Animation/ControlRig/Content/Controls/ControlRig_Square_1mm.uexp" 327
"../../../Engine/Plugins/Animation/ControlRig/Content/Controls/ControlRig_Sphere_solid.ubulk" 328
"../../../Engine/Plugins/Animation/ControlRig/Content/Controls/ControlRig_Sphere_solid.uasset" 329
"../../../Engine/Plugins/Animation/ControlRig/Content/Controls/ControlRig_Sphere_solid.uexp" 330
"../../../Engine/Plugins/Animation/ControlRig/Content/Controls/ControlRig_Sphere_3mm.ubulk" 331
"../../../Engine/Plugins/Animation/ControlRig/Content/Controls/ControlRig_Sphere_3mm.uasset" 332
"../../../Engine/Plugins/Animation/ControlRig/Content/Controls/ControlRig_Sphere_3mm.uexp" 333
"../../../Engine/Plugins/Animation/ControlRig/Content/Controls/ControlRig_Sphere_1mm.ubulk" 334
"../../../Engine/Plugins/Animation/ControlRig/Content/Controls/ControlRig_Sphere_1mm.uasset" 335
"../../../Engine/Plugins/Animation/ControlRig/Content/Controls/ControlRig_Sphere_1mm.uexp" 336
"../../../Engine/Plugins/Animation/ControlRig/Content/Controls/ControlRig_RoundedTriangle_solid.ubulk" 337
"../../../Engine/Plugins/Animation/ControlRig/Content/Controls/ControlRig_RoundedTriangle_solid.uasset" 338
"../../../Engine/Plugins/Animation/ControlRig/Content/Controls/ControlRig_RoundedTriangle_solid.uexp" 339
"../../../Engine/Plugins/Animation/ControlRig/Content/Controls/ControlRig_RoundedTriangle_3mm.ubulk" 340
"../../../Engine/Plugins/Animation/ControlRig/Content/Controls/ControlRig_RoundedTriangle_3mm.uasset" 341
"../../../Engine/Plugins/Animation/ControlRig/Content/Controls/ControlRig_RoundedTriangle_3mm.uexp" 342
"../../../Engine/Plugins/Animation/ControlRig/Content/Controls/ControlRig_RoundedTriangle_1mm.ubulk" 343
"../../../Engine/Plugins/Animation/ControlRig/Content/Controls/ControlRig_RoundedTriangle_1mm.uasset" 344
"../../../Engine/Plugins/Animation/ControlRig/Content/Controls/ControlRig_RoundedTriangle_1mm.uexp" 345
"../../../Engine/Plugins/Animation/ControlRig/Content/Controls/ControlRig_RoundedSquare_solid.ubulk" 346
"../../../Engine/Plugins/Animation/ControlRig/Content/Controls/ControlRig_RoundedSquare_solid.uasset" 347
"../../../Engine/Plugins/Animation/ControlRig/Content/Controls/ControlRig_RoundedSquare_solid.uexp" 348
"../../../Engine/Plugins/Animation/ControlRig/Content/Controls/ControlRig_RoundedSquare_3mm.ubulk" 349
"../../../Engine/Plugins/Animation/ControlRig/Content/Controls/ControlRig_RoundedSquare_3mm.uasset" 350
"../../../Engine/Plugins/Animation/ControlRig/Content/Controls/ControlRig_RoundedSquare_3mm.uexp" 351
"../../../Engine/Plugins/Animation/ControlRig/Content/Controls/ControlRig_RoundedSquare_1mm.ubulk" 352
"../../../Engine/Plugins/Animation/ControlRig/Content/Controls/ControlRig_RoundedSquare_1mm.uasset" 353
"../../../Engine/Plugins/Animation/ControlRig/Content/Controls/ControlRig_RoundedSquare_1mm.uexp" 354
"../../../Engine/Plugins/Animation/ControlRig/Content/Controls/ControlRig_QuarterCircle_solid.ubulk" 355
"../../../Engine/Plugins/Animation/ControlRig/Content/Controls/ControlRig_QuarterCircle_solid.uasset" 356
"../../../Engine/Plugins/Animation/ControlRig/Content/Controls/ControlRig_QuarterCircle_solid.uexp" 357
"../../../Engine/Plugins/Animation/ControlRig/Content/Controls/ControlRig_QuarterCircle_3mm.ubulk" 358
"../../../Engine/Plugins/Animation/ControlRig/Content/Controls/ControlRig_QuarterCircle_3mm.uasset" 359
"../../../Engine/Plugins/Animation/ControlRig/Content/Controls/ControlRig_QuarterCircle_3mm.uexp" 360
"../../../Engine/Plugins/Animation/ControlRig/Content/Controls/ControlRig_QuarterCircle_1mm.ubulk" 361
"../../../Engine/Plugins/Animation/ControlRig/Content/Controls/ControlRig_QuarterCircle_1mm.uasset" 362
"../../../Engine/Plugins/Animation/ControlRig/Content/Controls/ControlRig_QuarterCircle_1mm.uexp" 363
"../../../Engine/Plugins/Animation/ControlRig/Content/Controls/ControlRig_Pyramid_solid.ubulk" 364
"../../../Engine/Plugins/Animation/ControlRig/Content/Controls/ControlRig_Pyramid_solid.uasset" 365
"../../../Engine/Plugins/Animation/ControlRig/Content/Controls/ControlRig_Pyramid_solid.uexp" 366
"../../../Engine/Plugins/Animation/ControlRig/Content/Controls/ControlRig_Pyramid_3mm.ubulk" 367
"../../../Engine/Plugins/Animation/ControlRig/Content/Controls/ControlRig_Pyramid_3mm.uasset" 368
"../../../Engine/Plugins/Animation/ControlRig/Content/Controls/ControlRig_Pyramid_3mm.uexp" 369
"../../../Engine/Plugins/Animation/ControlRig/Content/Controls/ControlRig_Pyramid_1mm.ubulk" 370
"../../../Engine/Plugins/Animation/ControlRig/Content/Controls/ControlRig_Pyramid_1mm.uasset" 371
"../../../Engine/Plugins/Animation/ControlRig/Content/Controls/ControlRig_Pyramid_1mm.uexp" 372
"../../../Engine/Plugins/Animation/ControlRig/Content/Controls/ControlRig_Octagon_solid.ubulk" 373
"../../../Engine/Plugins/Animation/ControlRig/Content/Controls/ControlRig_Octagon_solid.uasset" 374
"../../../Engine/Plugins/Animation/ControlRig/Content/Controls/ControlRig_Octagon_solid.uexp" 375
"../../../Engine/Plugins/Animation/ControlRig/Content/Controls/ControlRig_Octagon_3mm.ubulk" 376
"../../../Engine/Plugins/Animation/ControlRig/Content/Controls/ControlRig_Octagon_3mm.uasset" 377
"../../../Engine/Plugins/Animation/ControlRig/Content/Controls/ControlRig_Octagon_3mm.uexp" 378
"../../../Engine/Plugins/Animation/ControlRig/Content/Controls/ControlRig_Octagon_1mm.ubulk" 379
"../../../Engine/Plugins/Animation/ControlRig/Content/Controls/ControlRig_Octagon_1mm.uasset" 380
"../../../Engine/Plugins/Animation/ControlRig/Content/Controls/ControlRig_Octagon_1mm.uexp" 381
"../../../Engine/Plugins/Animation/ControlRig/Content/Controls/ControlRig_Hexagon_solid.ubulk" 382
"../../../Engine/Plugins/Animation/ControlRig/Content/Controls/ControlRig_Hexagon_solid.uasset" 383
"../../../Engine/Plugins/Animation/ControlRig/Content/Controls/ControlRig_Hexagon_solid.uexp" 384
"../../../Engine/Plugins/Animation/ControlRig/Content/Controls/ControlRig_Hexagon_3mm.ubulk" 385
"../../../Engine/Plugins/Animation/ControlRig/Content/Controls/ControlRig_Hexagon_3mm.uasset" 386
"../../../Engine/Plugins/Animation/ControlRig/Content/Controls/ControlRig_Hexagon_3mm.uexp" 387
"../../../Engine/Plugins/Animation/ControlRig/Content/Controls/ControlRig_Hexagon_1mm.ubulk" 388
"../../../Engine/Plugins/Animation/ControlRig/Content/Controls/ControlRig_Hexagon_1mm.uasset" 389
"../../../Engine/Plugins/Animation/ControlRig/Content/Controls/ControlRig_Hexagon_1mm.uexp" 390
"../../../Engine/Plugins/Animation/ControlRig/Content/Controls/ControlRig_HalfCircle_solid.ubulk" 391
"../../../Engine/Plugins/Animation/ControlRig/Content/Controls/ControlRig_HalfCircle_solid.uasset" 392
"../../../Engine/Plugins/Animation/ControlRig/Content/Controls/ControlRig_HalfCircle_solid.uexp" 393
"../../../Engine/Plugins/Animation/ControlRig/Content/Controls/ControlRig_HalfCircle_3mm.ubulk" 394
"../../../Engine/Plugins/Animation/ControlRig/Content/Controls/ControlRig_HalfCircle_3mm.uasset" 395
"../../../Engine/Plugins/Animation/ControlRig/Content/Controls/ControlRig_HalfCircle_3mm.uexp" 396
"../../../Engine/Plugins/Animation/ControlRig/Content/Controls/ControlRig_HalfCircle_1mm.ubulk" 397
"../../../Engine/Plugins/Animation/ControlRig/Content/Controls/ControlRig_HalfCircle_1mm.uasset" 398
"../../../Engine/Plugins/Animation/ControlRig/Content/Controls/ControlRig_HalfCircle_1mm.uexp" 399
"../../../Engine/Plugins/Animation/ControlRig/Content/Controls/ControlRig_Diamond_solid.ubulk" 400
"../../../Engine/Plugins/Animation/ControlRig/Content/Controls/ControlRig_Diamond_solid.uasset" 401
"../../../Engine/Plugins/Animation/ControlRig/Content/Controls/ControlRig_Diamond_solid.uexp" 402
"../../../Engine/Plugins/Animation/ControlRig/Content/Controls/ControlRig_Diamond_3mm.ubulk" 403
"../../../Engine/Plugins/Animation/ControlRig/Content/Controls/ControlRig_Diamond_3mm.uasset" 404
"../../../Engine/Plugins/Animation/ControlRig/Content/Controls/ControlRig_Diamond_3mm.uexp" 405
"../../../Engine/Plugins/Animation/ControlRig/Content/Controls/ControlRig_Diamond_1mm.ubulk" 406
"../../../Engine/Plugins/Animation/ControlRig/Content/Controls/ControlRig_Diamond_1mm.uasset" 407
"../../../Engine/Plugins/Animation/ControlRig/Content/Controls/ControlRig_Diamond_1mm.uexp" 408
"../../../Engine/Plugins/Animation/ControlRig/Content/Controls/ControlRig_Circle_solid.ubulk" 409
"../../../Engine/Plugins/Animation/ControlRig/Content/Controls/ControlRig_Circle_solid.uasset" 410
"../../../Engine/Plugins/Animation/ControlRig/Content/Controls/ControlRig_Circle_solid.uexp" 411
"../../../Engine/Plugins/Animation/ControlRig/Content/Controls/ControlRig_Circle_3mm.ubulk" 412
"../../../Engine/Plugins/Animation/ControlRig/Content/Controls/ControlRig_Circle_3mm.uasset" 413
"../../../Engine/Plugins/Animation/ControlRig/Content/Controls/ControlRig_Circle_3mm.uexp" 414
"../../../Engine/Plugins/Animation/ControlRig/Content/Controls/ControlRig_Circle_1mm.ubulk" 415
"../../../Engine/Plugins/Animation/ControlRig/Content/Controls/ControlRig_Circle_1mm.uasset" 416
"../../../Engine/Plugins/Animation/ControlRig/Content/Controls/ControlRig_Circle_1mm.uexp" 417
"../../../Engine/Plugins/Animation/ControlRig/Content/Controls/ControlRig_Box_solid.ubulk" 418
"../../../Engine/Plugins/Animation/ControlRig/Content/Controls/ControlRig_Box_solid.uasset" 419
"../../../Engine/Plugins/Animation/ControlRig/Content/Controls/ControlRig_Box_solid.uexp" 420
"../../../Engine/Plugins/Animation/ControlRig/Content/Controls/ControlRig_Box_3mm.ubulk" 421
"../../../Engine/Plugins/Animation/ControlRig/Content/Controls/ControlRig_Box_3mm.uasset" 422
"../../../Engine/Plugins/Animation/ControlRig/Content/Controls/ControlRig_Box_3mm.uexp" 423
"../../../Engine/Plugins/Animation/ControlRig/Content/Controls/ControlRig_Box_1mm.ubulk" 424
"../../../Engine/Plugins/Animation/ControlRig/Content/Controls/ControlRig_Box_1mm.uasset" 425
"../../../Engine/Plugins/Animation/ControlRig/Content/Controls/ControlRig_Box_1mm.uexp" 426
"../../../Engine/Plugins/Animation/ControlRig/Content/Controls/ControlRig_Arrow_solid.ubulk" 427
"../../../Engine/Plugins/Animation/ControlRig/Content/Controls/ControlRig_Arrow_solid.uasset" 428
"../../../Engine/Plugins/Animation/ControlRig/Content/Controls/ControlRig_Arrow_solid.uexp" 429
"../../../Engine/Plugins/Animation/ControlRig/Content/Controls/ControlRig_Arrow_3mm.ubulk" 430
"../../../Engine/Plugins/Animation/ControlRig/Content/Controls/ControlRig_Arrow_3mm.uasset" 431
"../../../Engine/Plugins/Animation/ControlRig/Content/Controls/ControlRig_Arrow_3mm.uexp" 432
"../../../Engine/Plugins/Animation/ControlRig/Content/Controls/ControlRig_Arrow_1mm.ubulk" 433
"../../../Engine/Plugins/Animation/ControlRig/Content/Controls/ControlRig_Arrow_1mm.uasset" 434
"../../../Engine/Plugins/Animation/ControlRig/Content/Controls/ControlRig_Arrow_1mm.uexp" 435
"../../../Engine/Plugins/Animation/ControlRig/Content/Controls/ControlRig_Arrow4_solid.ubulk" 436
"../../../Engine/Plugins/Animation/ControlRig/Content/Controls/ControlRig_Arrow4_solid.uasset" 437
"../../../Engine/Plugins/Animation/ControlRig/Content/Controls/ControlRig_Arrow4_solid.uexp" 438
"../../../Engine/Plugins/Animation/ControlRig/Content/Controls/ControlRig_Arrow4_3mm.ubulk" 439
"../../../Engine/Plugins/Animation/ControlRig/Content/Controls/ControlRig_Arrow4_3mm.uasset" 440
"../../../Engine/Plugins/Animation/ControlRig/Content/Controls/ControlRig_Arrow4_3mm.uexp" 441
"../../../Engine/Plugins/Animation/ControlRig/Content/Controls/ControlRig_Arrow4_1mm.ubulk" 442
"../../../Engine/Plugins/Animation/ControlRig/Content/Controls/ControlRig_Arrow4_1mm.uasset" 443
"../../../Engine/Plugins/Animation/ControlRig/Content/Controls/ControlRig_Arrow4_1mm.uexp" 444
"../../../Engine/Plugins/Animation/ControlRig/Content/Controls/ControlRig_Arrow2_solid.ubulk" 445
"../../../Engine/Plugins/Animation/ControlRig/Content/Controls/ControlRig_Arrow2_solid.uasset" 446
"../../../Engine/Plugins/Animation/ControlRig/Content/Controls/ControlRig_Arrow2_solid.uexp" 447
"../../../Engine/Plugins/Animation/ControlRig/Content/Controls/ControlRig_Arrow2_3mm.ubulk" 448
"../../../Engine/Plugins/Animation/ControlRig/Content/Controls/ControlRig_Arrow2_3mm.uasset" 449
"../../../Engine/Plugins/Animation/ControlRig/Content/Controls/ControlRig_Arrow2_3mm.uexp" 450
"../../../Engine/Plugins/Animation/ControlRig/Content/Controls/ControlRig_Arrow2_1mm.ubulk" 451
"../../../Engine/Plugins/Animation/ControlRig/Content/Controls/ControlRig_Arrow2_1mm.uasset" 452
"../../../Engine/Plugins/Animation/ControlRig/Content/Controls/ControlRig_Arrow2_1mm.uexp" 453
"../../../Engine/Plugins/Animation/ControlRig/Content/Controls/ControlRigGizmoMaterial.uasset" 454
"../../../Engine/Plugins/Animation/ControlRig/Content/Controls/ControlRigGizmoMaterial.uexp" 455
"../../../Engine/Plugins/Editor/SpeedTreeImporter/Content/SpeedTree9/game_wind_noise.ubulk" 456
"../../../Engine/Plugins/Editor/SpeedTreeImporter/Content/SpeedTree9/game_wind_noise.uasset" 457
"../../../Engine/Plugins/Editor/SpeedTreeImporter/Content/SpeedTree9/game_wind_noise.uexp" 458
"../../../Engine/Plugins/Editor/SpeedTreeImporter/Content/SpeedTree9/UnpackDirection.uasset" 459
"../../../Engine/Plugins/Editor/SpeedTreeImporter/Content/SpeedTree9/UnpackDirection.uexp" 460
"../../../Engine/Content/Functions/Engine_MaterialFunctions02/ObjectLocalBounds.uasset" 461
"../../../Engine/Content/Functions/Engine_MaterialFunctions02/ObjectLocalBounds.uexp" 462
"../../../Engine/Content/Functions/Engine_MaterialFunctions02/UVs/BoundingBoxBased_0-1_UVW.uasset" 463
"../../../Engine/Content/Functions/Engine_MaterialFunctions02/UVs/BoundingBoxBased_0-1_UVW.uexp" 464
"../../../Engine/Content/Functions/Engine_MaterialFunctions02/Utility/VectorLength.uasset" 465
"../../../Engine/Content/Functions/Engine_MaterialFunctions02/Utility/VectorLength.uexp" 466
"../../../Engine/Plugins/Editor/SpeedTreeImporter/Content/SpeedTree9/UnpackInteger3.uasset" 467
"../../../Engine/Plugins/Editor/SpeedTreeImporter/Content/SpeedTree9/UnpackInteger3.uexp" 468
"../../../Engine/Plugins/Editor/SpeedTreeImporter/Content/SpeedTree9/SpeedTreeCameraFacing.uasset" 469
"../../../Engine/Plugins/Editor/SpeedTreeImporter/Content/SpeedTree9/SpeedTreeCameraFacing.uexp" 470
"../../../Engine/Content/Functions/Engine_MaterialFunctions02/WorldPositionOffset/ObjectScale.uasset" 471
"../../../Engine/Content/Functions/Engine_MaterialFunctions02/WorldPositionOffset/ObjectScale.uexp" 472
"../../../Engine/Content/Functions/Engine_MaterialFunctions02/SafeNormalize.uasset" 473
"../../../Engine/Content/Functions/Engine_MaterialFunctions02/SafeNormalize.uexp" 474
"../../../Engine/Plugins/Editor/SpeedTreeImporter/Content/SpeedTree9/SpeedTreeWindMotion.uasset" 475
"../../../Engine/Plugins/Editor/SpeedTreeImporter/Content/SpeedTree9/SpeedTreeWindMotion.uexp" 476
"../../../Engine/Plugins/Editor/SpeedTreeImporter/Content/SpeedTree9/SpeedTreeBranchMotion.uasset" 477
"../../../Engine/Plugins/Editor/SpeedTreeImporter/Content/SpeedTree9/SpeedTreeBranchMotion.uexp" 478
"../../../Engine/Plugins/Editor/SpeedTreeImporter/Content/SpeedTree9/SpeedTreeWind.uasset" 479
"../../../Engine/Plugins/Editor/SpeedTreeImporter/Content/SpeedTree9/SpeedTreeWind.uexp" 480
"../../../Engine/Plugins/Editor/SpeedTreeImporter/Content/SpeedTree9/EmptyNormal.uasset" 481
"../../../Engine/Plugins/Editor/SpeedTreeImporter/Content/SpeedTree9/EmptyNormal.uexp" 482
"../../../Engine/Plugins/Editor/SpeedTreeImporter/Content/SpeedTree9/Empty.uasset" 483
"../../../Engine/Plugins/Editor/SpeedTreeImporter/Content/SpeedTree9/Empty.uexp" 484
"../../../Engine/Plugins/Editor/SpeedTreeImporter/Content/SpeedTree9/SpeedTreeMaster.uasset" 485
"../../../Engine/Plugins/Editor/SpeedTreeImporter/Content/SpeedTree9/SpeedTreeMaster.uexp" 486
"../../../Engine/Plugins/Editor/SpeedTreeImporter/Content/SpeedTree9/SpeedTreeBillboard.uasset" 487
"../../../Engine/Plugins/Editor/SpeedTreeImporter/Content/SpeedTree9/SpeedTreeBillboard.uexp" 488
"../../../Engine/Plugins/Editor/SpeedTreeImporter/Content/SpeedTree9/SpeedTreeBillboardMaster.uasset" 489
"../../../Engine/Plugins/Editor/SpeedTreeImporter/Content/SpeedTree9/SpeedTreeBillboardMaster.uexp" 490
"../../../Engine/Plugins/Experimental/Volumetrics/Content/Content/VolumeTextures/Textures/T_Tiling_VoronoiNoise_256.uasset" 491
"../../../Engine/Plugins/Experimental/Volumetrics/Content/Content/VolumeTextures/Textures/T_Tiling_VoronoiNoise_256.uexp" 492
"../../../Engine/Plugins/Experimental/Volumetrics/Content/Content/VolumeTextures/Textures/VT_Voronoi.ubulk" 493
"../../../Engine/Plugins/Experimental/Volumetrics/Content/Content/VolumeTextures/Textures/VT_Voronoi.uasset" 494
"../../../Engine/Plugins/Experimental/Volumetrics/Content/Content/VolumeTextures/Textures/VT_Voronoi.uexp" 495
"../../../Engine/Plugins/Experimental/Volumetrics/Content/Content/VolumeTextures/Textures/T_CurlNoise_16by8_128res_Tiling_9.ubulk" 496
"../../../Engine/Plugins/Experimental/Volumetrics/Content/Content/VolumeTextures/Textures/T_CurlNoise_16by8_128res_Tiling_9.uasset" 497
"../../../Engine/Plugins/Experimental/Volumetrics/Content/Content/VolumeTextures/Textures/T_CurlNoise_16by8_128res_Tiling_9.uexp" 498
"../../../Engine/Plugins/Experimental/Volumetrics/Content/Content/VolumeTextures/Textures/VT_CurlNoise.ubulk" 499
"../../../Engine/Plugins/Experimental/Volumetrics/Content/Content/VolumeTextures/Textures/VT_CurlNoise.uasset" 500
"../../../Engine/Plugins/Experimental/Volumetrics/Content/Content/VolumeTextures/Textures/VT_CurlNoise.uexp" 501
"../../../Engine/Content/MapTemplates/TilingNoise05.ubulk" 502
"../../../Engine/Content/MapTemplates/TilingNoise05.uasset" 503
"../../../Engine/Content/MapTemplates/TilingNoise05.uexp" 504
"../../../Engine/Content/EngineSky/VolumetricClouds/T_NoiseShape.uexp" 505
"../../../Engine/Content/EngineSky/VolumetricClouds/T_NoiseShape.ubulk" 506
"../../../Engine/Content/EngineSky/VolumetricClouds/T_NoiseShape.uasset" 507
"../../../Engine/Content/EngineSky/VolumetricClouds/T_NoiseShape.uptnl" 508
"../../../Engine/Content/EngineSky/VolumetricClouds/T_VolumeNoiseShape128.uasset" 509
"../../../Engine/Content/EngineSky/VolumetricClouds/T_VolumeNoiseShape128.uexp" 510
"../../../Engine/Content/Functions/Engine_MaterialFunctions02/Texturing/Flowmaps_3D.uasset" 511
"../../../Engine/Content/Functions/Engine_MaterialFunctions02/Texturing/Flowmaps_3D.uexp" 512
"../../../Engine/Plugins/Experimental/Volumetrics/Content/Tools/CloudCompositing/Textures/T_CloudMask_01_Storm.uasset" 513
"../../../Engine/Plugins/Experimental/Volumetrics/Content/Tools/CloudCompositing/Textures/T_CloudMask_01_Storm.uexp" 514
"../../../Engine/Plugins/Experimental/Volumetrics/Content/Tools/CloudCompositing/MPC/MPC_Clouds.uasset" 515
"../../../Engine/Plugins/Experimental/Volumetrics/Content/Tools/CloudCompositing/MPC/MPC_Clouds.uexp" 516
"../../../Engine/Plugins/Experimental/Volumetrics/Content/Tools/CloudCompositing/RenderTargets/RT_Flowmap_01.uasset" 517
"../../../Engine/Plugins/Experimental/Volumetrics/Content/Tools/CloudCompositing/RenderTargets/RT_Flowmap_01.uexp" 518
"../../../Engine/Content/Functions/Engine_MaterialFunctions02/Texturing/Flowmaps_2D.uasset" 519
"../../../Engine/Content/Functions/Engine_MaterialFunctions02/Texturing/Flowmaps_2D.uexp" 520
"../../../Engine/Plugins/Experimental/Volumetrics/Content/Tools/CloudCompositing/RenderTargets/RT_CloudMask_01.uasset" 521
"../../../Engine/Plugins/Experimental/Volumetrics/Content/Tools/CloudCompositing/RenderTargets/RT_CloudMask_01.uexp" 522
"../../../Engine/Plugins/Experimental/Volumetrics/Content/Tools/CloudCompositing/Textures/Profile_01.ubulk" 523
"../../../Engine/Plugins/Experimental/Volumetrics/Content/Tools/CloudCompositing/Textures/Profile_01.uasset" 524
"../../../Engine/Plugins/Experimental/Volumetrics/Content/Tools/CloudCompositing/Textures/Profile_01.uexp" 525
"../../../Engine/Content/Functions/Engine_MaterialFunctions02/Math/TimeWithSpeedVariable.uasset" 526
"../../../Engine/Content/Functions/Engine_MaterialFunctions02/Math/TimeWithSpeedVariable.uexp" 527
"../../../Engine/Plugins/Experimental/Volumetrics/Content/Content/Sky/Materials/M_VolumetricCloud_02_Profiles_PaintClouds.uasset" 528
"../../../Engine/Plugins/Experimental/Volumetrics/Content/Content/Sky/Materials/M_VolumetricCloud_02_Profiles_PaintClouds.uexp" 529
"../../../Engine/Plugins/Runtime/HairStrands/Content/Materials/HairMeshesDefaultMaterial.uasset" 530
"../../../Engine/Plugins/Runtime/HairStrands/Content/Materials/HairMeshesDefaultMaterial.uexp" 531
"../../../Engine/Plugins/Runtime/HairStrands/Content/Materials/HairDefaultMaterial.uasset" 532
"../../../Engine/Plugins/Runtime/HairStrands/Content/Materials/HairDefaultMaterial.uexp" 533
"../../../Engine/Plugins/Runtime/HairStrands/Content/Materials/HairGroupColors.uasset" 534
"../../../Engine/Plugins/Runtime/HairStrands/Content/Materials/HairGroupColors.uexp" 535
"../../../Engine/Content/EngineMaterials/HairColorMap.uasset" 536
"../../../Engine/Content/EngineMaterials/HairColorMap.uexp" 537
"../../../Engine/Content/EngineMaterials/HairDebugColor.uasset" 538
"../../../Engine/Content/EngineMaterials/HairDebugColor.uexp" 539
"../../../Engine/Plugins/Runtime/HairStrands/Content/Materials/HairDebugMaterial.uasset" 540
"../../../Engine/Plugins/Runtime/HairStrands/Content/Materials/HairDebugMaterial.uexp" 541
"../../../Engine/Plugins/Runtime/HairStrands/Content/Materials/HairCardsDefaultMaterial.uasset" 542
"../../../Engine/Plugins/Runtime/HairStrands/Content/Materials/HairCardsDefaultMaterial.uexp" 543
"D:/Unreal Engine/Projects/MultiplayerProject/Content/Maps/Transition_Level.uexp" 544
"D:/Unreal Engine/Projects/MultiplayerProject/Content/Maps/Transition_Level.umap" 545
"D:/Unreal Engine/Projects/MultiplayerProject/Content/UI/WBP_LoadingScreen.uasset" 546
"D:/Unreal Engine/Projects/MultiplayerProject/Content/UI/WBP_LoadingScreen.uexp" 547
"D:/Unreal Engine/Projects/MultiplayerProject/Content/Blueprints/Structures/F_ServerSettings.uasset" 548
"D:/Unreal Engine/Projects/MultiplayerProject/Content/Blueprints/Structures/F_ServerSettings.uexp" 549
"D:/Unreal Engine/Projects/MultiplayerProject/Content/Blueprints/Structures/F_PlayerInfo.uasset" 550
"D:/Unreal Engine/Projects/MultiplayerProject/Content/Blueprints/Structures/F_PlayerInfo.uexp" 551
"D:/Unreal Engine/Projects/MultiplayerProject/Content/Blueprints/BP_MultiplayerGameInstance.uasset" 552
"D:/Unreal Engine/Projects/MultiplayerProject/Content/Blueprints/BP_MultiplayerGameInstance.uexp" 553
"D:/Unreal Engine/Projects/MultiplayerProject/Content/UI/MainMenu/WBP_ServerList.uasset" 554
"D:/Unreal Engine/Projects/MultiplayerProject/Content/UI/MainMenu/WBP_ServerList.uexp" 555
"D:/Unreal Engine/Projects/MultiplayerProject/Content/UI/MainMenu/WBP_ServerBrowserPage.uasset" 556
"D:/Unreal Engine/Projects/MultiplayerProject/Content/UI/MainMenu/WBP_ServerBrowserPage.uexp" 557
"D:/Unreal Engine/Projects/MultiplayerProject/Content/UI/MainMenu/WBP_SettingsPage.uasset" 558
"D:/Unreal Engine/Projects/MultiplayerProject/Content/UI/MainMenu/WBP_SettingsPage.uexp" 559
"D:/Unreal Engine/Projects/MultiplayerProject/Content/UI/MainMenu/WBP_MainMenu.uasset" 560
"D:/Unreal Engine/Projects/MultiplayerProject/Content/UI/MainMenu/WBP_MainMenu.uexp" 561
"D:/Unreal Engine/Projects/MultiplayerProject/Content/Blueprints/MainMenu/BP_MainMenuHUD.uasset" 562
"D:/Unreal Engine/Projects/MultiplayerProject/Content/Blueprints/MainMenu/BP_MainMenuHUD.uexp" 563
"D:/Unreal Engine/Projects/MultiplayerProject/Content/Blueprints/MainMenu/BP_MainMenuGameMode.uasset" 564
"D:/Unreal Engine/Projects/MultiplayerProject/Content/Blueprints/MainMenu/BP_MainMenuGameMode.uexp" 565
"D:/Unreal Engine/Projects/MultiplayerProject/Content/Maps/MainMenu_Level.uexp" 566
"D:/Unreal Engine/Projects/MultiplayerProject/Content/Maps/MainMenu_Level.umap" 567
"D:/Unreal Engine/Projects/MultiplayerProject/Content/UI/Lobby/WBP_LobbyPlayer.uasset" 568
"D:/Unreal Engine/Projects/MultiplayerProject/Content/UI/Lobby/WBP_LobbyPlayer.uexp" 569
"D:/Unreal Engine/Projects/MultiplayerProject/Content/UI/Lobby/WBP_Lobby.uasset" 570
"D:/Unreal Engine/Projects/MultiplayerProject/Content/UI/Lobby/WBP_Lobby.uexp" 571
"D:/Unreal Engine/Projects/MultiplayerProject/Content/Blueprints/Lobby/BP_LobbyPlayerController.uasset" 572
"D:/Unreal Engine/Projects/MultiplayerProject/Content/Blueprints/Lobby/BP_LobbyPlayerController.uexp" 573
"D:/Unreal Engine/Projects/MultiplayerProject/Content/Blueprints/Lobby/BP_LobbyGameMode.uasset" 574
"D:/Unreal Engine/Projects/MultiplayerProject/Content/Blueprints/Lobby/BP_LobbyGameMode.uexp" 575
"D:/Unreal Engine/Projects/MultiplayerProject/Content/Maps/Lobby_Level.uexp" 576
"D:/Unreal Engine/Projects/MultiplayerProject/Content/Maps/Lobby_Level.umap" 577
"../../../Engine/Content/Animation/DefaultAnimCurveCompressionSettings.uasset" 578
"../../../Engine/Content/Animation/DefaultAnimCurveCompressionSettings.uexp" 579
"D:/Unreal Engine/Projects/MultiplayerProject/Content/Characters/Phoenix/Meshes/SK_Phoenix.uasset" 580
"D:/Unreal Engine/Projects/MultiplayerProject/Content/Characters/Phoenix/Meshes/SK_Phoenix.uexp" 581
"../../../Engine/Content/Animation/DefaultAnimBoneCompressionSettings.uasset" 582
"../../../Engine/Content/Animation/DefaultAnimBoneCompressionSettings.uexp" 583
"D:/Unreal Engine/Projects/MultiplayerProject/Content/Characters/Phoenix/Animations/AnimSequence/AS_Walk_L_Phoenix.uasset" 584
"D:/Unreal Engine/Projects/MultiplayerProject/Content/Characters/Phoenix/Animations/AnimSequence/AS_Walk_L_Phoenix.uexp" 585
"D:/Unreal Engine/Projects/MultiplayerProject/Content/Characters/Phoenix/Animations/AnimSequence/AS_Run_BL_Phoenix.uasset" 586
"D:/Unreal Engine/Projects/MultiplayerProject/Content/Characters/Phoenix/Animations/AnimSequence/AS_Run_BL_Phoenix.uexp" 587
"D:/Unreal Engine/Projects/MultiplayerProject/Content/Characters/Phoenix/Animations/AnimSequence/AS_Idle_Phoenix.uasset" 588
"D:/Unreal Engine/Projects/MultiplayerProject/Content/Characters/Phoenix/Animations/AnimSequence/AS_Idle_Phoenix.uexp" 589
"D:/Unreal Engine/Projects/MultiplayerProject/Content/Characters/Phoenix/Animations/AnimSequence/AS_Walk_FR_Phoenix.uasset" 590
"D:/Unreal Engine/Projects/MultiplayerProject/Content/Characters/Phoenix/Animations/AnimSequence/AS_Walk_FR_Phoenix.uexp" 591
"D:/Unreal Engine/Projects/MultiplayerProject/Content/Characters/Phoenix/Animations/AnimSequence/AS_Walk_B_Phoenix.uasset" 592
"D:/Unreal Engine/Projects/MultiplayerProject/Content/Characters/Phoenix/Animations/AnimSequence/AS_Walk_B_Phoenix.uexp" 593
"D:/Unreal Engine/Projects/MultiplayerProject/Content/Characters/Phoenix/Animations/AnimSequence/AS_Walk_F_Phoenix.uasset" 594
"D:/Unreal Engine/Projects/MultiplayerProject/Content/Characters/Phoenix/Animations/AnimSequence/AS_Walk_F_Phoenix.uexp" 595
"D:/Unreal Engine/Projects/MultiplayerProject/Content/Characters/Phoenix/Animations/AnimSequence/AS_Run_FL_Phoenix.uasset" 596
"D:/Unreal Engine/Projects/MultiplayerProject/Content/Characters/Phoenix/Animations/AnimSequence/AS_Run_FL_Phoenix.uexp" 597
"D:/Unreal Engine/Projects/MultiplayerProject/Content/Characters/Phoenix/Animations/AnimSequence/AS_Walk_R_Phoenix.uasset" 598
"D:/Unreal Engine/Projects/MultiplayerProject/Content/Characters/Phoenix/Animations/AnimSequence/AS_Walk_R_Phoenix.uexp" 599
"D:/Unreal Engine/Projects/MultiplayerProject/Content/Characters/Phoenix/Animations/AnimSequence/AS_Run_FR_Phoenix.uasset" 600
"D:/Unreal Engine/Projects/MultiplayerProject/Content/Characters/Phoenix/Animations/AnimSequence/AS_Run_FR_Phoenix.uexp" 601
"D:/Unreal Engine/Projects/MultiplayerProject/Content/Characters/Phoenix/Animations/AnimSequence/AS_Walk_BR_Phoenix.uasset" 602
"D:/Unreal Engine/Projects/MultiplayerProject/Content/Characters/Phoenix/Animations/AnimSequence/AS_Walk_BR_Phoenix.uexp" 603
"D:/Unreal Engine/Projects/MultiplayerProject/Content/Characters/Phoenix/Animations/AnimSequence/AS_Run_L_Phoenix.uasset" 604
"D:/Unreal Engine/Projects/MultiplayerProject/Content/Characters/Phoenix/Animations/AnimSequence/AS_Run_L_Phoenix.uexp" 605
"D:/Unreal Engine/Projects/MultiplayerProject/Content/Characters/Phoenix/Animations/AnimSequence/AS_Walk_FL_Phoenix.uasset" 606
"D:/Unreal Engine/Projects/MultiplayerProject/Content/Characters/Phoenix/Animations/AnimSequence/AS_Walk_FL_Phoenix.uexp" 607
"D:/Unreal Engine/Projects/MultiplayerProject/Content/Characters/Phoenix/Animations/AnimSequence/AS_Run_F_Phoenix.uasset" 608
"D:/Unreal Engine/Projects/MultiplayerProject/Content/Characters/Phoenix/Animations/AnimSequence/AS_Run_F_Phoenix.uexp" 609
"D:/Unreal Engine/Projects/MultiplayerProject/Content/Characters/Phoenix/Animations/AnimSequence/AS_Run_B_Phoenix.uasset" 610
"D:/Unreal Engine/Projects/MultiplayerProject/Content/Characters/Phoenix/Animations/AnimSequence/AS_Run_B_Phoenix.uexp" 611
"D:/Unreal Engine/Projects/MultiplayerProject/Content/Characters/Phoenix/Animations/AnimSequence/AS_Run_BR_Phoenix.uasset" 612
"D:/Unreal Engine/Projects/MultiplayerProject/Content/Characters/Phoenix/Animations/AnimSequence/AS_Run_BR_Phoenix.uexp" 613
"D:/Unreal Engine/Projects/MultiplayerProject/Content/Characters/Phoenix/Animations/AnimSequence/AS_Run_R_Phoenix.uasset" 614
"D:/Unreal Engine/Projects/MultiplayerProject/Content/Characters/Phoenix/Animations/AnimSequence/AS_Run_R_Phoenix.uexp" 615
"D:/Unreal Engine/Projects/MultiplayerProject/Content/Characters/Phoenix/Animations/AnimSequence/AS_Walk_BL_Phoenix.uasset" 616
"D:/Unreal Engine/Projects/MultiplayerProject/Content/Characters/Phoenix/Animations/AnimSequence/AS_Walk_BL_Phoenix.uexp" 617
"D:/Unreal Engine/Projects/MultiplayerProject/Content/Characters/Phoenix/Animations/BS_Phoenix_Move.uasset" 618
"D:/Unreal Engine/Projects/MultiplayerProject/Content/Characters/Phoenix/Animations/BS_Phoenix_Move.uexp" 619
"D:/Unreal Engine/Projects/MultiplayerProject/Content/Characters/Phoenix/Animations/ABP_Phoenix.uasset" 620
"D:/Unreal Engine/Projects/MultiplayerProject/Content/Characters/Phoenix/Animations/ABP_Phoenix.uexp" 621
"D:/Unreal Engine/Projects/MultiplayerProject/Content/Characters/Phoenix/Textures/TP_Core_Eye_DF.ubulk" 622
"D:/Unreal Engine/Projects/MultiplayerProject/Content/Characters/Phoenix/Textures/TP_Core_Eye_DF.uasset" 623
"D:/Unreal Engine/Projects/MultiplayerProject/Content/Characters/Phoenix/Textures/TP_Core_Eye_DF.uexp" 624
"D:/Unreal Engine/Projects/MultiplayerProject/Content/Characters/Phoenix/Materials/M_Core_Eye.uasset" 625
"D:/Unreal Engine/Projects/MultiplayerProject/Content/Characters/Phoenix/Materials/M_Core_Eye.uexp" 626
"D:/Unreal Engine/Projects/MultiplayerProject/Content/Characters/Phoenix/Rigs/PA_Phoenix.uasset" 627
"D:/Unreal Engine/Projects/MultiplayerProject/Content/Characters/Phoenix/Rigs/PA_Phoenix.uexp" 628
"D:/Unreal Engine/Projects/MultiplayerProject/Content/Characters/Phoenix/Textures/TP_Phoenix_S0_Hair_NM.ubulk" 629
"D:/Unreal Engine/Projects/MultiplayerProject/Content/Characters/Phoenix/Textures/TP_Phoenix_S0_Hair_NM.uasset" 630
"D:/Unreal Engine/Projects/MultiplayerProject/Content/Characters/Phoenix/Textures/TP_Phoenix_S0_Hair_NM.uexp" 631
"D:/Unreal Engine/Projects/MultiplayerProject/Content/Characters/Phoenix/Textures/TP_Phoenix_S0_Hair_MRAE.ubulk" 632
"D:/Unreal Engine/Projects/MultiplayerProject/Content/Characters/Phoenix/Textures/TP_Phoenix_S0_Hair_MRAE.uasset" 633
"D:/Unreal Engine/Projects/MultiplayerProject/Content/Characters/Phoenix/Textures/TP_Phoenix_S0_Hair_MRAE.uexp" 634
"D:/Unreal Engine/Projects/MultiplayerProject/Content/Characters/Phoenix/Textures/TP_Phoenix_S0_Hair_DF.ubulk" 635
"D:/Unreal Engine/Projects/MultiplayerProject/Content/Characters/Phoenix/Textures/TP_Phoenix_S0_Hair_DF.uasset" 636
"D:/Unreal Engine/Projects/MultiplayerProject/Content/Characters/Phoenix/Textures/TP_Phoenix_S0_Hair_DF.uexp" 637
"D:/Unreal Engine/Projects/MultiplayerProject/Content/Characters/Phoenix/Materials/M_Phoenix_Hair.uasset" 638
"D:/Unreal Engine/Projects/MultiplayerProject/Content/Characters/Phoenix/Materials/M_Phoenix_Hair.uexp" 639
"D:/Unreal Engine/Projects/MultiplayerProject/Content/Characters/Phoenix/Textures/TP_Phoenix_S0_DF.ubulk" 640
"D:/Unreal Engine/Projects/MultiplayerProject/Content/Characters/Phoenix/Textures/TP_Phoenix_S0_DF.uasset" 641
"D:/Unreal Engine/Projects/MultiplayerProject/Content/Characters/Phoenix/Textures/TP_Phoenix_S0_DF.uexp" 642
"D:/Unreal Engine/Projects/MultiplayerProject/Content/Characters/Phoenix/Textures/TP_Phoenix_S0_NM.ubulk" 643
"D:/Unreal Engine/Projects/MultiplayerProject/Content/Characters/Phoenix/Textures/TP_Phoenix_S0_NM.uasset" 644
"D:/Unreal Engine/Projects/MultiplayerProject/Content/Characters/Phoenix/Textures/TP_Phoenix_S0_NM.uexp" 645
"D:/Unreal Engine/Projects/MultiplayerProject/Content/Characters/Phoenix/Textures/TP_Phoenix_S0_MRAE.ubulk" 646
"D:/Unreal Engine/Projects/MultiplayerProject/Content/Characters/Phoenix/Textures/TP_Phoenix_S0_MRAE.uasset" 647
"D:/Unreal Engine/Projects/MultiplayerProject/Content/Characters/Phoenix/Textures/TP_Phoenix_S0_MRAE.uexp" 648
"D:/Unreal Engine/Projects/MultiplayerProject/Content/Characters/Phoenix/Materials/M_Phoenix_Body_01.uasset" 649
"D:/Unreal Engine/Projects/MultiplayerProject/Content/Characters/Phoenix/Materials/M_Phoenix_Body_01.uexp" 650
"D:/Unreal Engine/Projects/MultiplayerProject/Content/Characters/Phoenix/Meshes/SKM_Phoenix.uasset" 651
"D:/Unreal Engine/Projects/MultiplayerProject/Content/Characters/Phoenix/Meshes/SKM_Phoenix.uexp" 652
"D:/Unreal Engine/Projects/MultiplayerProject/Content/Blueprints/Characters/BP_Phoenix.uasset" 653
"D:/Unreal Engine/Projects/MultiplayerProject/Content/Blueprints/Characters/BP_Phoenix.uexp" 654
"D:/Unreal Engine/Projects/MultiplayerProject/Content/Blueprints/Demo/BP_DemoPlayerController.uasset" 655
"D:/Unreal Engine/Projects/MultiplayerProject/Content/Blueprints/Demo/BP_DemoPlayerController.uexp" 656
"D:/Unreal Engine/Projects/MultiplayerProject/Content/Blueprints/Demo/BP_DemoGameMode.uasset" 657
"D:/Unreal Engine/Projects/MultiplayerProject/Content/Blueprints/Demo/BP_DemoGameMode.uexp" 658
"../../../Engine/Content/Maps/Templates/HLODs/HLODLayer_Instanced.uasset" 659
"../../../Engine/Content/Maps/Templates/HLODs/HLODLayer_Instanced.uexp" 660
"D:/Unreal Engine/Projects/MultiplayerProject/Content/Maps/Demo_Level.uexp" 661
"D:/Unreal Engine/Projects/MultiplayerProject/Content/Maps/Demo_Level.umap" 662
